<?xml version="1.0" encoding="UTF-8"?>
<testng-results ignored="0" total="1" passed="1" failed="0" skipped="0">
  <reporter-output>
  </reporter-output>
  <suite started-at="2022-10-05T22:14:42 BDT" name="Default suite" finished-at="2022-10-05T22:15:31 BDT" duration-ms="48671">
    <groups>
    </groups>
    <test started-at="2022-10-05T22:14:42 BDT" name="Default test" finished-at="2022-10-05T22:15:31 BDT" duration-ms="48671">
      <class name="Testcase.TC002">
        <test-method is-config="true" signature="setDriver()[pri:0, instance:Testcase.TC002@71e9ebae]" started-at="2022-10-05T22:14:39 BDT" name="setDriver" finished-at="2022-10-05T22:14:42 BDT" duration-ms="3853" status="PASS">
          <reporter-output>
          </reporter-output>
        </test-method> <!-- setDriver -->
        <test-method signature="locatorLearning2()[pri:0, instance:Testcase.TC002@71e9ebae]" started-at="2022-10-05T22:14:42 BDT" name="locatorLearning2" finished-at="2022-10-05T22:15:31 BDT" duration-ms="48417" status="PASS">
          <reporter-output>
          </reporter-output>
        </test-method> <!-- locatorLearning2 -->
        <test-method is-config="true" signature="closeWindows()[pri:0, instance:Testcase.TC002@71e9ebae]" started-at="2022-10-05T22:15:31 BDT" name="closeWindows" finished-at="2022-10-05T22:15:32 BDT" duration-ms="565" status="PASS">
          <reporter-output>
          </reporter-output>
        </test-method> <!-- closeWindows -->
      </class> <!-- Testcase.TC002 -->
    </test> <!-- Default test -->
  </suite> <!-- Default suite -->
</testng-results>
